0 info it worked if it ends with ok
1 verbose cli [ 'C:\\Program Files\\nodejs\\\\node.exe',
1 verbose cli   'C:\\Program Files\\nodejs\\node_modules\\npm\\bin\\npm-cli.js',
1 verbose cli   'install',
1 verbose cli   '-g',
1 verbose cli   'cordova@4.1.' ]
2 info using npm@2.11.3
3 info using node@v0.12.7
4 verbose install initial load of C:\Users\Pulkit\AppData\Roaming\npm\package.json
5 verbose readDependencies loading dependencies from C:\Users\Pulkit\AppData\Roaming\npm\package.json
6 silly cache add args [ 'cordova@4.1.', null ]
7 verbose cache add spec cordova@4.1.
8 silly cache add parsed spec { raw: 'cordova@4.1.',
8 silly cache add   scope: null,
8 silly cache add   name: 'cordova',
8 silly cache add   rawSpec: '4.1.',
8 silly cache add   spec: '4.1.',
8 silly cache add   type: 'tag' }
9 silly addNamed cordova@4.1.
10 verbose addNamed "4.1." is being treated as a dist-tag for cordova
11 info addNameTag [ 'cordova', '4.1.' ]
12 silly mapToRegistry name cordova
13 silly mapToRegistry using default registry
14 silly mapToRegistry registry https://registry.npmjs.org/
15 silly mapToRegistry uri https://registry.npmjs.org/cordova
16 verbose addNameTag registry:https://registry.npmjs.org/cordova not in flight; fetching
17 verbose request uri https://registry.npmjs.org/cordova
18 verbose request no auth needed
19 info attempt registry request try #1 at 3:35:00 AM
20 verbose request id 5806249fde78d321
21 verbose etag "2XBCU67E99Z3IS19B9W7P41SR"
22 http request GET https://registry.npmjs.org/cordova
23 http 304 https://registry.npmjs.org/cordova
24 silly get cb [ 304,
24 silly get   { date: 'Sun, 27 Dec 2015 22:04:54 GMT',
24 silly get     via: '1.1 varnish',
24 silly get     'cache-control': 'max-age=300',
24 silly get     etag: '"2XBCU67E99Z3IS19B9W7P41SR"',
24 silly get     age: '278',
24 silly get     connection: 'keep-alive',
24 silly get     'x-served-by': 'cache-ams4140-AMS',
24 silly get     'x-cache': 'HIT',
24 silly get     'x-cache-hits': '1',
24 silly get     'x-timer': 'S1451253894.386244,VS0,VE1',
24 silly get     vary: 'Accept' } ]
25 verbose etag https://registry.npmjs.org/cordova from cache
26 verbose get saving cordova to C:\Users\Pulkit\AppData\Roaming\npm-cache\registry.npmjs.org\cordova\.cache.json
27 silly addNameTag next cb for cordova with tag 4.1.
28 verbose stack Error: No compatible version found: cordova@'4.1.'
28 verbose stack Valid install targets:
28 verbose stack ["3.6.0-0.2.8","0.0.1","0.0.2","0.0.3","0.0.4","0.0.5","0.0.6","0.0.7","0.0.8","0.0.9","0.1.0","0.1.1","0.1.2","0.1.3","0.1.4","0.1.5","0.1.6","0.1.7","0.1.8","0.1.9","0.1.10","0.1.11","0.1.12","0.1.13","0.1.14","2.2.0","2.3.0","2.3.1","2.3.2","2.3.3","2.3.5","2.3.6","2.4.0","2.4.1","2.4.2","2.4.3","2.4.4","2.4.5","2.4.6","2.4.7","2.4.8","2.4.9","2.4.10","2.5.0","2.5.2","2.5.3","2.5.4","2.5.5","2.6.0","2.6.1","2.6.2","2.7.0-rc.1","2.7.1-rc.1","2.7.2","2.7.3","2.7.4","2.8.0","2.8.1","2.8.2","2.8.3","2.8.4","2.8.5","2.8.6","2.8.7","2.8.8","2.8.9","2.8.10","2.8.11","2.8.12","2.8.13","2.8.14","2.8.15","2.8.16","2.8.17","2.8.18","2.8.19","2.8.20","2.8.21","2.8.22","2.8.23","2.8.24","2.8.25","2.9.0","2.9.1","2.9.2","2.9.3","2.9.4","2.9.5","2.9.6","2.9.7","3.0.0-rc1","3.0.0-rc1-1","3.0.0-rc1-3","3.0.0","3.0.1","3.0.2","3.0.3","3.0.4","3.0.5","3.0.6","3.0.7","3.0.8","3.0.9","3.0.10","3.1.0-0.1.0","3.1.0-0.2.0","3.2.0-rc.1","3.2.0-0.1.0","3.2.0-0.2.0","3.2.0-0.3.0","3.2.0-0.4.0","3.3.0-rc.1","3.3.0-0.1.1","3.3.1-0.1.2","2.9.0-rc1","3.3.1-0.3.0","3.3.1-0.3.1","3.3.1-0.4.1","3.3.1-0.4.2","3.4.0-0.1.0","3.4.0-0.1.1","3.4.0-0.1.2","3.4.0-0.1.3","0.0.0-fake","3.4.1-0.1.0","3.5.0-0.2.0","3.5.0-0.2.1","3.5.0-0.2.2","3.5.0-0.2.3","3.5.0-0.2.4","3.5.0-0.2.6","3.5.0-0.2.7","3.6.0-0.2.8","3.6.0-0.2.9","3.6.1-0.2.10","3.6.3-0.2.11","3.6.3-0.2.12","3.6.3-0.2.13","4.0.0","4.0.1","4.1.0","4.1.1","4.1.2","4.1.3-nightly.2014.10.21","4.2.0","4.3.0","5.0.0","4.3.1","5.1.1","5.2.0","5.3.1","5.3.3","5.4.0","5.4.1"]
28 verbose stack
28 verbose stack     at installTargetsError (C:\Program Files\nodejs\node_modules\npm\lib\cache\add-named.js:274:12)
28 verbose stack     at next (C:\Program Files\nodejs\node_modules\npm\lib\cache\add-named.js:94:10)
28 verbose stack     at RES (C:\Program Files\nodejs\node_modules\npm\node_modules\inflight\inflight.js:23:14)
28 verbose stack     at f (C:\Program Files\nodejs\node_modules\npm\node_modules\once\once.js:17:25)
28 verbose stack     at fixName (C:\Program Files\nodejs\node_modules\npm\lib\cache\add-named.js:29:5)
28 verbose stack     at saved (C:\Program Files\nodejs\node_modules\npm\lib\cache\caching-client.js:173:7)
28 verbose stack     at FSReqWrap.oncomplete (fs.js:95:15)
29 verbose cwd D:\Private\ionic\Rotaract MSIT
30 error Windows_NT 6.3.9600
31 error argv "C:\\Program Files\\nodejs\\\\node.exe" "C:\\Program Files\\nodejs\\node_modules\\npm\\bin\\npm-cli.js" "install" "-g" "cordova@4.1."
32 error node v0.12.7
33 error npm  v2.11.3
34 error code ETARGET
35 error notarget No compatible version found: cordova@'4.1.'
35 error notarget Valid install targets:
35 error notarget ["3.6.0-0.2.8","0.0.1","0.0.2","0.0.3","0.0.4","0.0.5","0.0.6","0.0.7","0.0.8","0.0.9","0.1.0","0.1.1","0.1.2","0.1.3","0.1.4","0.1.5","0.1.6","0.1.7","0.1.8","0.1.9","0.1.10","0.1.11","0.1.12","0.1.13","0.1.14","2.2.0","2.3.0","2.3.1","2.3.2","2.3.3","2.3.5","2.3.6","2.4.0","2.4.1","2.4.2","2.4.3","2.4.4","2.4.5","2.4.6","2.4.7","2.4.8","2.4.9","2.4.10","2.5.0","2.5.2","2.5.3","2.5.4","2.5.5","2.6.0","2.6.1","2.6.2","2.7.0-rc.1","2.7.1-rc.1","2.7.2","2.7.3","2.7.4","2.8.0","2.8.1","2.8.2","2.8.3","2.8.4","2.8.5","2.8.6","2.8.7","2.8.8","2.8.9","2.8.10","2.8.11","2.8.12","2.8.13","2.8.14","2.8.15","2.8.16","2.8.17","2.8.18","2.8.19","2.8.20","2.8.21","2.8.22","2.8.23","2.8.24","2.8.25","2.9.0","2.9.1","2.9.2","2.9.3","2.9.4","2.9.5","2.9.6","2.9.7","3.0.0-rc1","3.0.0-rc1-1","3.0.0-rc1-3","3.0.0","3.0.1","3.0.2","3.0.3","3.0.4","3.0.5","3.0.6","3.0.7","3.0.8","3.0.9","3.0.10","3.1.0-0.1.0","3.1.0-0.2.0","3.2.0-rc.1","3.2.0-0.1.0","3.2.0-0.2.0","3.2.0-0.3.0","3.2.0-0.4.0","3.3.0-rc.1","3.3.0-0.1.1","3.3.1-0.1.2","2.9.0-rc1","3.3.1-0.3.0","3.3.1-0.3.1","3.3.1-0.4.1","3.3.1-0.4.2","3.4.0-0.1.0","3.4.0-0.1.1","3.4.0-0.1.2","3.4.0-0.1.3","0.0.0-fake","3.4.1-0.1.0","3.5.0-0.2.0","3.5.0-0.2.1","3.5.0-0.2.2","3.5.0-0.2.3","3.5.0-0.2.4","3.5.0-0.2.6","3.5.0-0.2.7","3.6.0-0.2.8","3.6.0-0.2.9","3.6.1-0.2.10","3.6.3-0.2.11","3.6.3-0.2.12","3.6.3-0.2.13","4.0.0","4.0.1","4.1.0","4.1.1","4.1.2","4.1.3-nightly.2014.10.21","4.2.0","4.3.0","5.0.0","4.3.1","5.1.1","5.2.0","5.3.1","5.3.3","5.4.0","5.4.1"]
35 error notarget
35 error notarget This is most likely not a problem with npm itself.
35 error notarget In most cases you or one of your dependencies are requesting
35 error notarget a package version that doesn't exist.
36 verbose exit [ 1, true ]
